========== Fri Oct 17 15:59:07 2025:TRACE FILE HEAD ==========
C:\Users\vsaon\OneDrive\Documents\Godelius\cimplicity tests\LuisTest\log\MASTER_UA_0_LUIS1.LOG
---------------------------------------------------------------------
2025-10-17T18:59:07.8057838Z|device_id[LUIS1]|thread_id[TOOLKIT]|Device [LUIS1]: trace level = [3], trace sections = [0xff]|status_code[0x00000000(Good)]|message_id[04096]
2025-10-17T18:59:07.8057838Z|device_id[LUIS1]|thread_id[TOOLKIT]|Trace option [TraceLevel] = [3]|status_code[0x00000000(Good)]|message_id[04097]
2025-10-17T18:59:07.8057838Z|device_id[LUIS1]|thread_id[TOOLKIT]|Trace Sections = [32255]|status_code[0x00000000(Good)]|message_id[04097]
2025-10-17T18:59:07.8057838Z|device_id[LUIS1]|thread_id[TOOLKIT]|Initializing OPC UA Device with address [opc.tcp://192.168.0.100:4840]...|status_code[0x00000000(Good)]|message_id[04106]
2025-10-17T18:59:07.8057838Z|device_id[LUIS1]|thread_id[TOOLKIT]|OPC UA Device Initialization Complete.|status_code[0x00000000(Good)]|message_id[04136]
2025-10-17T18:59:07.9999203Z|device_id[LUIS1]|thread_id[SERVER]|connectionStatusChanged Session=0, url = opc.tcp://192.168.0.100:4840, Master=4294967295 Status=Connected|status_code[0x00000000(Good)]|message_id[04096]
2025-10-17T18:59:08.0143548Z|device_id[LUIS1]|thread_id[SERVER]|delayedConnectionStatusChanged Session=0, url = opc.tcp://192.168.0.100:4840, Master=0, Status=Connected, isNewSession(0)|status_code[0x00000000(Good)]|message_id[04096]
2025-10-17T18:59:08.0183261Z|device_id[LUIS1]|thread_id[SERVER]|RedundantSet::changeSessionState: SESSION opc.tcp://192.168.0.100:4840 CHANGE STATE IsMaster(1) Mode(0) NewSession(0)|status_code[0x00000000(Good)]|message_id[04096]
2025-10-17T18:59:08.0183261Z|device_id[LUIS1]|thread_id[SERVER]|RedundantSet::delayedConnectionStatusChanged STATUS GOOD Session=0 Master=0 Status=Connected|status_code[0x00000000(Good)]|message_id[04096]
2025-10-17T18:59:08.0183261Z|device_id[LUIS1]|thread_id[SERVER]|Device connection status is changed to |status_code[0x00000000(Good)]|message_id[05086]
2025-10-17T18:59:08.0183261Z|device_id[LUIS1]|thread_id[SERVER]|DeviceOpcUaSession::Connection Status Changed to [1 - Connected] on device [LUIS1]. UaStatus = [0x0 - Good]|status_code[0x00000000(Good)]|message_id[04691]
2025-10-17T18:59:08.0183261Z|device_id[LUIS1]|thread_id[TOOLKIT]|ResetSubScriptionFailureCounts for device[LUIS1] |status_code[0x00000000(Good)]|message_id[07907]
2025-10-17T18:59:08.0203235Z|device_id[LUIS1]|thread_id[CONNECTION]|Session [LUIS1]: UA Server returned NamespaceArray with 8 elements|status_code[0x00000000(Good)]
2025-10-17T18:59:08.0203235Z|device_id[LUIS1]|thread_id[CONNECTION]|Entry [7]: NamespaceURI: [http://codesys.com/Device/Application/OPC_UA_Symbols]|status_code[0x00000000(Good)]
2025-10-17T18:59:08.0203235Z|device_id[LUIS1]|thread_id[CONNECTION]|Entry [6]: NamespaceURI: [urn:symbolset:Device:Application:Conjunto de símbolo]|status_code[0x00000000(Good)]
2025-10-17T18:59:08.0203235Z|device_id[LUIS1]|thread_id[CONNECTION]|Entry [5]: NamespaceURI: [urn:symbolset:Device:Application:Conjunto de símbolos]|status_code[0x00000000(Good)]
2025-10-17T18:59:08.0203235Z|device_id[LUIS1]|thread_id[CONNECTION]|Entry [4]: NamespaceURI: [CODESYSSPV3/3S/IecVarAccess]|status_code[0x00000000(Good)]
2025-10-17T18:59:08.0203235Z|device_id[LUIS1]|thread_id[CONNECTION]|Entry [3]: NamespaceURI: [http://PLCopen.org/OpcUa/IEC61131-3/]|status_code[0x00000000(Good)]
2025-10-17T18:59:08.0203235Z|device_id[LUIS1]|thread_id[CONNECTION]|Entry [2]: NamespaceURI: [http://opcfoundation.org/UA/DI/]|status_code[0x00000000(Good)]
2025-10-17T18:59:08.0203235Z|device_id[LUIS1]|thread_id[CONNECTION]|Entry [1]: NamespaceURI: [urn:MSI:CODESYS:CODESYS%20Control%20Win%20V3%20x64:OPCUA:Server]|status_code[0x00000000(Good)]
2025-10-17T18:59:08.0203235Z|device_id[LUIS1]|thread_id[CONNECTION]|Entry [0]: NamespaceURI: [http://opcfoundation.org/UA/]|status_code[0x00000000(Good)]
2025-10-17T18:59:08.0203235Z|device_id[LUIS1]|thread_id[CONNECTION]|Session [LUIS1]: namespace array used for this session has [1] entries|status_code[0x00000000(Good)]
2025-10-17T18:59:08.0213241Z|device_id[LUIS1]|thread_id[CONNECTION]|Session [LUIS1]: namespace array entry: URI = [CODESYSSPV3/3S/IecVarAccess], internal index = [4] mapped to index on server = [4]|status_code[0x00000000(Good)]
2025-10-17T18:59:08.0213241Z|device_id[LUIS1]|thread_id[SERVER]|DeviceOpcUaSession::OnConnect: Connected to OPC UA Server opc.tcp://192.168.0.100:4840 in mode = [None/http://opcfoundation.org/UA/SecurityPolicy#None/Anonymous], revised timeout = 1.2e+06|status_code[0x00000000(Good)]|message_id[05276]
2025-10-17T18:59:08.0223592Z|device_id[LUIS1]|thread_id[SERVER]|Updating Subscription and Item information in OPC UA Server ...|status_code[0x00000000(Good)]|message_id[05276]
2025-10-17T18:59:08.0476460Z|device_id[LUIS1]|thread_id[CONNECTION]|Subscription  [U:DEFAULTUNSO] successfully created on UA Server, Id = 2, revised values: publishing interval 1000.000000, lifetime count 180, max. keep alive count 60|status_code[0x00000000(Good)]|group_id[U:DEFAULTUNSO]|message_id[012358]
2025-10-17T18:59:08.0476460Z|device_id[LUIS1]|thread_id[CONNECTION]|Adding all [21] items in subscription to OPC UA Server...|status_code[0x00000000(Good)]|group_id[U:DEFAULTUNSO]|message_id[012307]
2025-10-17T18:59:08.0504404Z|device_id[LUIS1]|thread_id[TOOLKIT]|Added 21 out of 21 points|status_code[0x00000000(Good)]|group_id[U:DEFAULTUNSO]
2025-10-17T18:59:08.0504404Z|device_id[LUIS1]|thread_id[SERVER]|Option [Dump list of subscriptions/points] is set to 3|status_code[0x00000000(Good)]|message_id[05274]
2025-10-17T18:59:08.0552994Z|device_id[LUIS1]|thread_id[TOOLKIT]|Dumping of list of subscriptions including bad points took 4 ms.|status_code[0x00000000(Good)]|message_id[05176]
2025-10-17T18:59:08.0552994Z|device_id[LUIS1]|thread_id[SERVER]|DeviceOpcUaSession::OnConnect: Process of connecting to OPC UA Server is complete|status_code[0x00000000(Good)]|message_id[05276]
2025-10-17T18:59:08.0706808Z|device_id[LUIS1]|thread_id[TOOLKIT]|The device is connected and marked as UP, status = [1]|status_code[0x00000000(Good)]|message_id[05197]
2025-10-17T18:59:08.5255730Z|device_id[LUIS1]|thread_id[SDK_CALLBACK]|Update SERVICE LEVEL Session = 0, URL = opc.tcp://192.168.0.100:4840, ServiceLevel = 255|status_code[0x00000000(Good)]|message_id[04696]
2025-10-17T19:00:59.5928692Z|device_id[LUIS1]|thread_id[SERVER]|OpcUaSubscription::dataChange ClientHandle=20: quality is BAD.|status_code[0x809E0000(BadDataUnavailable)]|group_id[U:DEFAULTUNSO]|point_id[02727-PI-08332]|point_addr[ns=4;s=|var|CODESYS Control Win V3 x64.Application.PLC_PRG._07233_PI_08332]|value[[Empty] ]|message_id[012479]
2025-10-17T19:00:59.5953994Z|device_id[LUIS1]|thread_id[SERVER]|OpcUaSubscription::dataChange ClientHandle=19: quality is BAD.|status_code[0x809E0000(BadDataUnavailable)]|group_id[U:DEFAULTUNSO]|point_id[02727-PI-08336]|point_addr[ns=4;s=|var|CODESYS Control Win V3 x64.Application.PLC_PRG._07233_PI_08336]|value[[Empty] ]|message_id[012479]
2025-10-17T19:00:59.5966958Z|device_id[LUIS1]|thread_id[SERVER]|OpcUaSubscription::dataChange ClientHandle=18: quality is BAD.|status_code[0x809E0000(BadDataUnavailable)]|group_id[U:DEFAULTUNSO]|point_id[07233-PAH-08323]|point_addr[ns=4;s=|var|CODESYS Control Win V3 x64.Application.PLC_PRG._07238_PAH_08323]|value[[Empty] ]|message_id[012479]
2025-10-17T19:00:59.5976912Z|device_id[LUIS1]|thread_id[SERVER]|OpcUaSubscription::dataChange ClientHandle=17: quality is BAD.|status_code[0x809E0000(BadDataUnavailable)]|group_id[U:DEFAULTUNSO]|point_id[07233-PAL-08323]|point_addr[ns=4;s=|var|CODESYS Control Win V3 x64.Application.PLC_PRG._07238_PAL_08323]|value[[Empty] ]|message_id[012479]
2025-10-17T19:00:59.5976912Z|device_id[LUIS1]|thread_id[SERVER]|OpcUaSubscription::dataChange ClientHandle=16: quality is BAD.|status_code[0x809E0000(BadDataUnavailable)]|group_id[U:DEFAULTUNSO]|point_id[02727-MI-08345]|point_addr[ns=4;s=|var|CODESYS Control Win V3 x64.Application.PLC_PRG._07238_MI_08345]|value[[Empty] ]|message_id[012479]
2025-10-17T19:00:59.5976912Z|device_id[LUIS1]|thread_id[SERVER]|OpcUaSubscription::dataChange ClientHandle=14: quality is BAD.|status_code[0x809E0000(BadDataUnavailable)]|group_id[U:DEFAULTUNSO]|point_id[07233-PI-08321]|point_addr[ns=4;s=|var|CODESYS Control Win V3 x64.Application.PLC_PRG._07238_PI_08321]|value[[Empty] ]|message_id[012479]
2025-10-17T19:00:59.5987293Z|device_id[LUIS1]|thread_id[SERVER]|OpcUaSubscription::dataChange ClientHandle=13: quality is BAD.|status_code[0x809E0000(BadDataUnavailable)]|group_id[U:DEFAULTUNSO]|point_id[07233-PI-08323]|point_addr[ns=4;s=|var|CODESYS Control Win V3 x64.Application.PLC_PRG._07238_PI_08323]|value[[Empty] ]|message_id[012479]
2025-10-17T19:00:59.5997590Z|device_id[LUIS1]|thread_id[SERVER]|OpcUaSubscription::dataChange ClientHandle=21: quality is BAD.|status_code[0x809E0000(BadDataUnavailable)]|group_id[U:DEFAULTUNSO]|point_id[02727-PI-08328]|point_addr[ns=4;s=|var|CODESYS Control Win V3 x64.Application.PLC_PRG._07233_PI_08328]|value[[Empty] ]|message_id[012479]
2025-10-17T19:00:59.6007551Z|device_id[LUIS1]|thread_id[SERVER]|OpcUaSubscription::dataChange ClientHandle=12: quality is BAD.|status_code[0x809E0000(BadDataUnavailable)]|group_id[U:DEFAULTUNSO]|point_id[07233-HS-08301]|point_addr[ns=4;s=|var|CODESYS Control Win V3 x64.Application.PLC_PRG._07238_HS_08301]|value[[Empty] ]|message_id[012479]
2025-10-17T19:00:59.6007551Z|device_id[LUIS1]|thread_id[SERVER]|OpcUaSubscription::dataChange ClientHandle=11: quality is BAD.|status_code[0x809E0000(BadDataUnavailable)]|group_id[U:DEFAULTUNSO]|point_id[07233-PAL-08301]|point_addr[ns=4;s=|var|CODESYS Control Win V3 x64.Application.PLC_PRG._07238_PAL_08301]|value[[Empty] ]|message_id[012479]
2025-10-17T19:00:59.6007551Z|device_id[LUIS1]|thread_id[SERVER]|OpcUaSubscription::dataChange ClientHandle=10: quality is BAD.|status_code[0x809E0000(BadDataUnavailable)]|group_id[U:DEFAULTUNSO]|point_id[07233-PAL-08321]|point_addr[ns=4;s=|var|CODESYS Control Win V3 x64.Application.PLC_PRG._07238_PAL_08321]|value[[Empty] ]|message_id[012479]
2025-10-17T19:00:59.6017548Z|device_id[LUIS1]|thread_id[SERVER]|OpcUaSubscription::dataChange ClientHandle=9: quality is BAD.|status_code[0x809E0000(BadDataUnavailable)]|group_id[U:DEFAULTUNSO]|point_id[07233-PAH-08321]|point_addr[ns=4;s=|var|CODESYS Control Win V3 x64.Application.PLC_PRG._07238_PAH_08321]|value[[Empty] ]|message_id[012479]
2025-10-17T19:00:59.6017548Z|device_id[LUIS1]|thread_id[SERVER]|OpcUaSubscription::dataChange ClientHandle=7: quality is BAD.|status_code[0x809E0000(BadDataUnavailable)]|group_id[U:DEFAULTUNSO]|point_id[02727-PI-08325]|point_addr[ns=4;s=|var|CODESYS Control Win V3 x64.Application.PLC_PRG._07233_PI_08325]|value[[Empty] ]|message_id[012479]
2025-10-17T19:00:59.6027545Z|device_id[LUIS1]|thread_id[SERVER]|OpcUaSubscription::dataChange ClientHandle=5: quality is BAD.|status_code[0x809E0000(BadDataUnavailable)]|group_id[U:DEFAULTUNSO]|point_id[02727-PAL-08328]|point_addr[ns=4;s=|var|CODESYS Control Win V3 x64.Application.PLC_PRG._07233_PAL_08328]|value[[Empty] ]|message_id[012479]
2025-10-17T19:00:59.6027545Z|device_id[LUIS1]|thread_id[SERVER]|OpcUaSubscription::dataChange ClientHandle=4: quality is BAD.|status_code[0x809E0000(BadDataUnavailable)]|group_id[U:DEFAULTUNSO]|point_id[02727-PAH-08325]|point_addr[ns=4;s=|var|CODESYS Control Win V3 x64.Application.PLC_PRG._07233_PAH_08325]|value[[Empty] ]|message_id[012479]
2025-10-17T19:00:59.6037546Z|device_id[LUIS1]|thread_id[SERVER]|OpcUaSubscription::dataChange ClientHandle=6: quality is BAD.|status_code[0x809E0000(BadDataUnavailable)]|group_id[U:DEFAULTUNSO]|point_id[02727-PAL-08332]|point_addr[ns=4;s=|var|CODESYS Control Win V3 x64.Application.PLC_PRG._07233_PAL_08332]|value[[Empty] ]|message_id[012479]
2025-10-17T19:00:59.6037546Z|device_id[LUIS1]|thread_id[SERVER]|OpcUaSubscription::dataChange ClientHandle=8: quality is BAD.|status_code[0x809E0000(BadDataUnavailable)]|group_id[U:DEFAULTUNSO]|point_id[02727-PDAH-08361]|point_addr[ns=4;s=|var|CODESYS Control Win V3 x64.Application.PLC_PRG._07238_PDAH_08361]|value[[Empty] ]|message_id[012479]
2025-10-17T19:00:59.6047549Z|device_id[LUIS1]|thread_id[SERVER]|OpcUaSubscription::dataChange ClientHandle=15: quality is BAD.|status_code[0x809E0000(BadDataUnavailable)]|group_id[U:DEFAULTUNSO]|point_id[02727-MI-08355]|point_addr[ns=4;s=|var|CODESYS Control Win V3 x64.Application.PLC_PRG._07238_MI_08355]|value[[Empty] ]|message_id[012479]
2025-10-17T19:00:59.6057649Z|device_id[LUIS1]|thread_id[SERVER]|OpcUaSubscription::dataChange ClientHandle=3: quality is BAD.|status_code[0x809E0000(BadDataUnavailable)]|group_id[U:DEFAULTUNSO]|point_id[02727-PAL-08325]|point_addr[ns=4;s=|var|CODESYS Control Win V3 x64.Application.PLC_PRG._07233_PAL_08325]|value[[Empty] ]|message_id[012479]
2025-10-17T19:00:59.6057649Z|device_id[LUIS1]|thread_id[SERVER]|OpcUaSubscription::dataChange ClientHandle=2: quality is BAD.|status_code[0x809E0000(BadDataUnavailable)]|group_id[U:DEFAULTUNSO]|point_id[02727-PDAH-08363]|point_addr[ns=4;s=|var|CODESYS Control Win V3 x64.Application.PLC_PRG._07238_PDAH_08363]|value[[Empty] ]|message_id[012479]
2025-10-17T19:00:59.6070348Z|device_id[LUIS1]|thread_id[SERVER]|OpcUaSubscription::dataChange ClientHandle=1: quality is BAD.|status_code[0x809E0000(BadDataUnavailable)]|group_id[U:DEFAULTUNSO]|point_id[07233-PAL-08336]|point_addr[ns=4;s=|var|CODESYS Control Win V3 x64.Application.PLC_PRG._07233_PAL_08336]|value[[Empty] ]|message_id[012479]
2025-10-17T19:00:59.6070348Z|device_id[LUIS1]|thread_id[TOOLKIT]|Point update was de-queued with BAD Quality. CIMPLICITY is marking the point Unavailable.|status_code[0x809E0000(BadDataUnavailable)]|point_id[02727-PI-08332]|point_addr[ns=4;s=|var|CODESYS Control Win V3 x64.Application.PLC_PRG._07233_PI_08332]|message_id[026]
2025-10-17T19:00:59.6070348Z|device_id[LUIS1]|thread_id[TOOLKIT]|Attempt to mark the point as unavailable failed, return code is 0|status_code[0x809E0000(BadDataUnavailable)]|point_id[02727-PI-08332]|point_addr[ns=4;s=|var|CODESYS Control Win V3 x64.Application.PLC_PRG._07233_PI_08332]|message_id[026]
2025-10-17T19:00:59.6070348Z|device_id[LUIS1]|thread_id[TOOLKIT]|Point update was de-queued with BAD Quality. CIMPLICITY is marking the point Unavailable.|status_code[0x809E0000(BadDataUnavailable)]|point_id[02727-PI-08336]|point_addr[ns=4;s=|var|CODESYS Control Win V3 x64.Application.PLC_PRG._07233_PI_08336]|message_id[026]
2025-10-17T19:00:59.6070348Z|device_id[LUIS1]|thread_id[TOOLKIT]|Attempt to mark the point as unavailable failed, return code is 0|status_code[0x809E0000(BadDataUnavailable)]|point_id[02727-PI-08336]|point_addr[ns=4;s=|var|CODESYS Control Win V3 x64.Application.PLC_PRG._07233_PI_08336]|message_id[026]
2025-10-17T19:00:59.6070348Z|device_id[LUIS1]|thread_id[TOOLKIT]|Point update was de-queued with BAD Quality. CIMPLICITY is marking the point Unavailable.|status_code[0x809E0000(BadDataUnavailable)]|point_id[07233-PAH-08323]|point_addr[ns=4;s=|var|CODESYS Control Win V3 x64.Application.PLC_PRG._07238_PAH_08323]|message_id[026]
2025-10-17T19:00:59.6070348Z|device_id[LUIS1]|thread_id[TOOLKIT]|Attempt to mark the point as unavailable failed, return code is 0|status_code[0x809E0000(BadDataUnavailable)]|point_id[07233-PAH-08323]|point_addr[ns=4;s=|var|CODESYS Control Win V3 x64.Application.PLC_PRG._07238_PAH_08323]|message_id[026]
2025-10-17T19:00:59.6070348Z|device_id[LUIS1]|thread_id[TOOLKIT]|Point update was de-queued with BAD Quality. CIMPLICITY is marking the point Unavailable.|status_code[0x809E0000(BadDataUnavailable)]|point_id[07233-PAL-08323]|point_addr[ns=4;s=|var|CODESYS Control Win V3 x64.Application.PLC_PRG._07238_PAL_08323]|message_id[026]
2025-10-17T19:00:59.6070348Z|device_id[LUIS1]|thread_id[TOOLKIT]|Attempt to mark the point as unavailable failed, return code is 0|status_code[0x809E0000(BadDataUnavailable)]|point_id[07233-PAL-08323]|point_addr[ns=4;s=|var|CODESYS Control Win V3 x64.Application.PLC_PRG._07238_PAL_08323]|message_id[026]
2025-10-17T19:00:59.6070348Z|device_id[LUIS1]|thread_id[TOOLKIT]|Point update was de-queued with BAD Quality. CIMPLICITY is marking the point Unavailable.|status_code[0x809E0000(BadDataUnavailable)]|point_id[02727-MI-08345]|point_addr[ns=4;s=|var|CODESYS Control Win V3 x64.Application.PLC_PRG._07238_MI_08345]|message_id[026]
2025-10-17T19:00:59.6070348Z|device_id[LUIS1]|thread_id[TOOLKIT]|Attempt to mark the point as unavailable failed, return code is 0|status_code[0x809E0000(BadDataUnavailable)]|point_id[02727-MI-08345]|point_addr[ns=4;s=|var|CODESYS Control Win V3 x64.Application.PLC_PRG._07238_MI_08345]|message_id[026]
2025-10-17T19:00:59.6070348Z|device_id[LUIS1]|thread_id[TOOLKIT]|Point update was de-queued with BAD Quality. CIMPLICITY is marking the point Unavailable.|status_code[0x809E0000(BadDataUnavailable)]|point_id[07233-PI-08321]|point_addr[ns=4;s=|var|CODESYS Control Win V3 x64.Application.PLC_PRG._07238_PI_08321]|message_id[026]
2025-10-17T19:00:59.6070348Z|device_id[LUIS1]|thread_id[TOOLKIT]|Attempt to mark the point as unavailable failed, return code is 0|status_code[0x809E0000(BadDataUnavailable)]|point_id[07233-PI-08321]|point_addr[ns=4;s=|var|CODESYS Control Win V3 x64.Application.PLC_PRG._07238_PI_08321]|message_id[026]
2025-10-17T19:00:59.6070348Z|device_id[LUIS1]|thread_id[TOOLKIT]|Point update was de-queued with BAD Quality. CIMPLICITY is marking the point Unavailable.|status_code[0x809E0000(BadDataUnavailable)]|point_id[07233-PI-08323]|point_addr[ns=4;s=|var|CODESYS Control Win V3 x64.Application.PLC_PRG._07238_PI_08323]|message_id[026]
2025-10-17T19:00:59.6070348Z|device_id[LUIS1]|thread_id[TOOLKIT]|Attempt to mark the point as unavailable failed, return code is 0|status_code[0x809E0000(BadDataUnavailable)]|point_id[07233-PI-08323]|point_addr[ns=4;s=|var|CODESYS Control Win V3 x64.Application.PLC_PRG._07238_PI_08323]|message_id[026]
2025-10-17T19:00:59.6070348Z|device_id[LUIS1]|thread_id[TOOLKIT]|Point update was de-queued with BAD Quality. CIMPLICITY is marking the point Unavailable.|status_code[0x809E0000(BadDataUnavailable)]|point_id[02727-PI-08328]|point_addr[ns=4;s=|var|CODESYS Control Win V3 x64.Application.PLC_PRG._07233_PI_08328]|message_id[026]
2025-10-17T19:00:59.6070348Z|device_id[LUIS1]|thread_id[TOOLKIT]|Attempt to mark the point as unavailable failed, return code is 0|status_code[0x809E0000(BadDataUnavailable)]|point_id[02727-PI-08328]|point_addr[ns=4;s=|var|CODESYS Control Win V3 x64.Application.PLC_PRG._07233_PI_08328]|message_id[026]
2025-10-17T19:00:59.6070348Z|device_id[LUIS1]|thread_id[TOOLKIT]|Point update was de-queued with BAD Quality. CIMPLICITY is marking the point Unavailable.|status_code[0x809E0000(BadDataUnavailable)]|point_id[07233-HS-08301]|point_addr[ns=4;s=|var|CODESYS Control Win V3 x64.Application.PLC_PRG._07238_HS_08301]|message_id[026]
2025-10-17T19:00:59.6080361Z|device_id[LUIS1]|thread_id[TOOLKIT]|Attempt to mark the point as unavailable failed, return code is 0|status_code[0x809E0000(BadDataUnavailable)]|point_id[07233-HS-08301]|point_addr[ns=4;s=|var|CODESYS Control Win V3 x64.Application.PLC_PRG._07238_HS_08301]|message_id[026]
2025-10-17T19:00:59.6080361Z|device_id[LUIS1]|thread_id[TOOLKIT]|Point update was de-queued with BAD Quality. CIMPLICITY is marking the point Unavailable.|status_code[0x809E0000(BadDataUnavailable)]|point_id[07233-PAL-08301]|point_addr[ns=4;s=|var|CODESYS Control Win V3 x64.Application.PLC_PRG._07238_PAL_08301]|message_id[026]
2025-10-17T19:00:59.6080361Z|device_id[LUIS1]|thread_id[TOOLKIT]|Attempt to mark the point as unavailable failed, return code is 0|status_code[0x809E0000(BadDataUnavailable)]|point_id[07233-PAL-08301]|point_addr[ns=4;s=|var|CODESYS Control Win V3 x64.Application.PLC_PRG._07238_PAL_08301]|message_id[026]
2025-10-17T19:00:59.6080361Z|device_id[LUIS1]|thread_id[TOOLKIT]|Point update was de-queued with BAD Quality. CIMPLICITY is marking the point Unavailable.|status_code[0x809E0000(BadDataUnavailable)]|point_id[07233-PAL-08321]|point_addr[ns=4;s=|var|CODESYS Control Win V3 x64.Application.PLC_PRG._07238_PAL_08321]|message_id[026]
2025-10-17T19:00:59.6080361Z|device_id[LUIS1]|thread_id[TOOLKIT]|Attempt to mark the point as unavailable failed, return code is 0|status_code[0x809E0000(BadDataUnavailable)]|point_id[07233-PAL-08321]|point_addr[ns=4;s=|var|CODESYS Control Win V3 x64.Application.PLC_PRG._07238_PAL_08321]|message_id[026]
2025-10-17T19:00:59.6080361Z|device_id[LUIS1]|thread_id[TOOLKIT]|Point update was de-queued with BAD Quality. CIMPLICITY is marking the point Unavailable.|status_code[0x809E0000(BadDataUnavailable)]|point_id[07233-PAH-08321]|point_addr[ns=4;s=|var|CODESYS Control Win V3 x64.Application.PLC_PRG._07238_PAH_08321]|message_id[026]
2025-10-17T19:00:59.6080361Z|device_id[LUIS1]|thread_id[TOOLKIT]|Attempt to mark the point as unavailable failed, return code is 0|status_code[0x809E0000(BadDataUnavailable)]|point_id[07233-PAH-08321]|point_addr[ns=4;s=|var|CODESYS Control Win V3 x64.Application.PLC_PRG._07238_PAH_08321]|message_id[026]
2025-10-17T19:00:59.6080361Z|device_id[LUIS1]|thread_id[TOOLKIT]|Point update was de-queued with BAD Quality. CIMPLICITY is marking the point Unavailable.|status_code[0x809E0000(BadDataUnavailable)]|point_id[02727-PI-08325]|point_addr[ns=4;s=|var|CODESYS Control Win V3 x64.Application.PLC_PRG._07233_PI_08325]|message_id[026]
2025-10-17T19:00:59.6080361Z|device_id[LUIS1]|thread_id[TOOLKIT]|Attempt to mark the point as unavailable failed, return code is 0|status_code[0x809E0000(BadDataUnavailable)]|point_id[02727-PI-08325]|point_addr[ns=4;s=|var|CODESYS Control Win V3 x64.Application.PLC_PRG._07233_PI_08325]|message_id[026]
2025-10-17T19:00:59.6080361Z|device_id[LUIS1]|thread_id[TOOLKIT]|Point update was de-queued with BAD Quality. CIMPLICITY is marking the point Unavailable.|status_code[0x809E0000(BadDataUnavailable)]|point_id[02727-PAL-08328]|point_addr[ns=4;s=|var|CODESYS Control Win V3 x64.Application.PLC_PRG._07233_PAL_08328]|message_id[026]
2025-10-17T19:00:59.6080361Z|device_id[LUIS1]|thread_id[TOOLKIT]|Attempt to mark the point as unavailable failed, return code is 0|status_code[0x809E0000(BadDataUnavailable)]|point_id[02727-PAL-08328]|point_addr[ns=4;s=|var|CODESYS Control Win V3 x64.Application.PLC_PRG._07233_PAL_08328]|message_id[026]
2025-10-17T19:00:59.6080361Z|device_id[LUIS1]|thread_id[TOOLKIT]|Point update was de-queued with BAD Quality. CIMPLICITY is marking the point Unavailable.|status_code[0x809E0000(BadDataUnavailable)]|point_id[02727-PAH-08325]|point_addr[ns=4;s=|var|CODESYS Control Win V3 x64.Application.PLC_PRG._07233_PAH_08325]|message_id[026]
2025-10-17T19:00:59.6080361Z|device_id[LUIS1]|thread_id[TOOLKIT]|Attempt to mark the point as unavailable failed, return code is 0|status_code[0x809E0000(BadDataUnavailable)]|point_id[02727-PAH-08325]|point_addr[ns=4;s=|var|CODESYS Control Win V3 x64.Application.PLC_PRG._07233_PAH_08325]|message_id[026]
2025-10-17T19:00:59.6080361Z|device_id[LUIS1]|thread_id[TOOLKIT]|Point update was de-queued with BAD Quality. CIMPLICITY is marking the point Unavailable.|status_code[0x809E0000(BadDataUnavailable)]|point_id[02727-PAL-08332]|point_addr[ns=4;s=|var|CODESYS Control Win V3 x64.Application.PLC_PRG._07233_PAL_08332]|message_id[026]
2025-10-17T19:00:59.6080361Z|device_id[LUIS1]|thread_id[TOOLKIT]|Attempt to mark the point as unavailable failed, return code is 0|status_code[0x809E0000(BadDataUnavailable)]|point_id[02727-PAL-08332]|point_addr[ns=4;s=|var|CODESYS Control Win V3 x64.Application.PLC_PRG._07233_PAL_08332]|message_id[026]
2025-10-17T19:00:59.6080361Z|device_id[LUIS1]|thread_id[TOOLKIT]|Point update was de-queued with BAD Quality. CIMPLICITY is marking the point Unavailable.|status_code[0x809E0000(BadDataUnavailable)]|point_id[02727-PDAH-08361]|point_addr[ns=4;s=|var|CODESYS Control Win V3 x64.Application.PLC_PRG._07238_PDAH_08361]|message_id[026]
2025-10-17T19:00:59.6080361Z|device_id[LUIS1]|thread_id[TOOLKIT]|Attempt to mark the point as unavailable failed, return code is 0|status_code[0x809E0000(BadDataUnavailable)]|point_id[02727-PDAH-08361]|point_addr[ns=4;s=|var|CODESYS Control Win V3 x64.Application.PLC_PRG._07238_PDAH_08361]|message_id[026]
2025-10-17T19:00:59.6080361Z|device_id[LUIS1]|thread_id[TOOLKIT]|Point update was de-queued with BAD Quality. CIMPLICITY is marking the point Unavailable.|status_code[0x809E0000(BadDataUnavailable)]|point_id[02727-MI-08355]|point_addr[ns=4;s=|var|CODESYS Control Win V3 x64.Application.PLC_PRG._07238_MI_08355]|message_id[026]
2025-10-17T19:00:59.6080361Z|device_id[LUIS1]|thread_id[TOOLKIT]|Attempt to mark the point as unavailable failed, return code is 0|status_code[0x809E0000(BadDataUnavailable)]|point_id[02727-MI-08355]|point_addr[ns=4;s=|var|CODESYS Control Win V3 x64.Application.PLC_PRG._07238_MI_08355]|message_id[026]
2025-10-17T19:00:59.6080361Z|device_id[LUIS1]|thread_id[TOOLKIT]|Point update was de-queued with BAD Quality. CIMPLICITY is marking the point Unavailable.|status_code[0x809E0000(BadDataUnavailable)]|point_id[02727-PAL-08325]|point_addr[ns=4;s=|var|CODESYS Control Win V3 x64.Application.PLC_PRG._07233_PAL_08325]|message_id[026]
2025-10-17T19:00:59.6080361Z|device_id[LUIS1]|thread_id[TOOLKIT]|Attempt to mark the point as unavailable failed, return code is 0|status_code[0x809E0000(BadDataUnavailable)]|point_id[02727-PAL-08325]|point_addr[ns=4;s=|var|CODESYS Control Win V3 x64.Application.PLC_PRG._07233_PAL_08325]|message_id[026]
2025-10-17T19:00:59.6080361Z|device_id[LUIS1]|thread_id[TOOLKIT]|Point update was de-queued with BAD Quality. CIMPLICITY is marking the point Unavailable.|status_code[0x809E0000(BadDataUnavailable)]|point_id[02727-PDAH-08363]|point_addr[ns=4;s=|var|CODESYS Control Win V3 x64.Application.PLC_PRG._07238_PDAH_08363]|message_id[026]
2025-10-17T19:00:59.6080361Z|device_id[LUIS1]|thread_id[TOOLKIT]|Attempt to mark the point as unavailable failed, return code is 0|status_code[0x809E0000(BadDataUnavailable)]|point_id[02727-PDAH-08363]|point_addr[ns=4;s=|var|CODESYS Control Win V3 x64.Application.PLC_PRG._07238_PDAH_08363]|message_id[026]
2025-10-17T19:00:59.6080361Z|device_id[LUIS1]|thread_id[TOOLKIT]|Point update was de-queued with BAD Quality. CIMPLICITY is marking the point Unavailable.|status_code[0x809E0000(BadDataUnavailable)]|point_id[07233-PAL-08336]|point_addr[ns=4;s=|var|CODESYS Control Win V3 x64.Application.PLC_PRG._07233_PAL_08336]|message_id[026]
2025-10-17T19:00:59.6080361Z|device_id[LUIS1]|thread_id[TOOLKIT]|Attempt to mark the point as unavailable failed, return code is 0|status_code[0x809E0000(BadDataUnavailable)]|point_id[07233-PAL-08336]|point_addr[ns=4;s=|var|CODESYS Control Win V3 x64.Application.PLC_PRG._07233_PAL_08336]|message_id[026]
2025-10-17T19:01:28.7488526Z|device_id[LUIS1]|thread_id[SERVER]|OpcUaSubscription::dataChange ClientHandle=20: quality is BAD.|status_code[0x809E0000(BadDataUnavailable)]|group_id[U:DEFAULTUNSO]|point_id[02727-PI-08332]|point_addr[ns=4;s=|var|CODESYS Control Win V3 x64.Application.PLC_PRG._07233_PI_08332]|value[[Empty] ]|message_id[012479]
2025-10-17T19:01:28.7488526Z|device_id[LUIS1]|thread_id[SERVER]|OpcUaSubscription::dataChange ClientHandle=19: quality is BAD.|status_code[0x809E0000(BadDataUnavailable)]|group_id[U:DEFAULTUNSO]|point_id[02727-PI-08336]|point_addr[ns=4;s=|var|CODESYS Control Win V3 x64.Application.PLC_PRG._07233_PI_08336]|value[[Empty] ]|message_id[012479]
2025-10-17T19:01:28.7488526Z|device_id[LUIS1]|thread_id[SERVER]|OpcUaSubscription::dataChange ClientHandle=18: quality is BAD.|status_code[0x809E0000(BadDataUnavailable)]|group_id[U:DEFAULTUNSO]|point_id[07233-PAH-08323]|point_addr[ns=4;s=|var|CODESYS Control Win V3 x64.Application.PLC_PRG._07238_PAH_08323]|value[[Empty] ]|message_id[012479]
2025-10-17T19:01:28.7488526Z|device_id[LUIS1]|thread_id[SERVER]|OpcUaSubscription::dataChange ClientHandle=17: quality is BAD.|status_code[0x809E0000(BadDataUnavailable)]|group_id[U:DEFAULTUNSO]|point_id[07233-PAL-08323]|point_addr[ns=4;s=|var|CODESYS Control Win V3 x64.Application.PLC_PRG._07238_PAL_08323]|value[[Empty] ]|message_id[012479]
2025-10-17T19:01:28.7488526Z|device_id[LUIS1]|thread_id[SERVER]|OpcUaSubscription::dataChange ClientHandle=16: quality is BAD.|status_code[0x809E0000(BadDataUnavailable)]|group_id[U:DEFAULTUNSO]|point_id[02727-MI-08345]|point_addr[ns=4;s=|var|CODESYS Control Win V3 x64.Application.PLC_PRG._07238_MI_08345]|value[[Empty] ]|message_id[012479]
2025-10-17T19:01:28.7488526Z|device_id[LUIS1]|thread_id[SERVER]|OpcUaSubscription::dataChange ClientHandle=14: quality is BAD.|status_code[0x809E0000(BadDataUnavailable)]|group_id[U:DEFAULTUNSO]|point_id[07233-PI-08321]|point_addr[ns=4;s=|var|CODESYS Control Win V3 x64.Application.PLC_PRG._07238_PI_08321]|value[[Empty] ]|message_id[012479]
2025-10-17T19:01:28.7488526Z|device_id[LUIS1]|thread_id[SERVER]|OpcUaSubscription::dataChange ClientHandle=13: quality is BAD.|status_code[0x809E0000(BadDataUnavailable)]|group_id[U:DEFAULTUNSO]|point_id[07233-PI-08323]|point_addr[ns=4;s=|var|CODESYS Control Win V3 x64.Application.PLC_PRG._07238_PI_08323]|value[[Empty] ]|message_id[012479]
2025-10-17T19:01:28.7488526Z|device_id[LUIS1]|thread_id[SERVER]|OpcUaSubscription::dataChange ClientHandle=21: quality is BAD.|status_code[0x809E0000(BadDataUnavailable)]|group_id[U:DEFAULTUNSO]|point_id[02727-PI-08328]|point_addr[ns=4;s=|var|CODESYS Control Win V3 x64.Application.PLC_PRG._07233_PI_08328]|value[[Empty] ]|message_id[012479]
2025-10-17T19:01:28.7488526Z|device_id[LUIS1]|thread_id[SERVER]|OpcUaSubscription::dataChange ClientHandle=12: quality is BAD.|status_code[0x809E0000(BadDataUnavailable)]|group_id[U:DEFAULTUNSO]|point_id[07233-HS-08301]|point_addr[ns=4;s=|var|CODESYS Control Win V3 x64.Application.PLC_PRG._07238_HS_08301]|value[[Empty] ]|message_id[012479]
2025-10-17T19:01:28.7488526Z|device_id[LUIS1]|thread_id[SERVER]|OpcUaSubscription::dataChange ClientHandle=11: quality is BAD.|status_code[0x809E0000(BadDataUnavailable)]|group_id[U:DEFAULTUNSO]|point_id[07233-PAL-08301]|point_addr[ns=4;s=|var|CODESYS Control Win V3 x64.Application.PLC_PRG._07238_PAL_08301]|value[[Empty] ]|message_id[012479]
2025-10-17T19:01:28.7500499Z|device_id[LUIS1]|thread_id[SERVER]|OpcUaSubscription::dataChange ClientHandle=10: quality is BAD.|status_code[0x809E0000(BadDataUnavailable)]|group_id[U:DEFAULTUNSO]|point_id[07233-PAL-08321]|point_addr[ns=4;s=|var|CODESYS Control Win V3 x64.Application.PLC_PRG._07238_PAL_08321]|value[[Empty] ]|message_id[012479]
2025-10-17T19:01:28.7500499Z|device_id[LUIS1]|thread_id[SERVER]|OpcUaSubscription::dataChange ClientHandle=9: quality is BAD.|status_code[0x809E0000(BadDataUnavailable)]|group_id[U:DEFAULTUNSO]|point_id[07233-PAH-08321]|point_addr[ns=4;s=|var|CODESYS Control Win V3 x64.Application.PLC_PRG._07238_PAH_08321]|value[[Empty] ]|message_id[012479]
2025-10-17T19:01:28.7500499Z|device_id[LUIS1]|thread_id[SERVER]|OpcUaSubscription::dataChange ClientHandle=7: quality is BAD.|status_code[0x809E0000(BadDataUnavailable)]|group_id[U:DEFAULTUNSO]|point_id[02727-PI-08325]|point_addr[ns=4;s=|var|CODESYS Control Win V3 x64.Application.PLC_PRG._07233_PI_08325]|value[[Empty] ]|message_id[012479]
2025-10-17T19:01:28.7500499Z|device_id[LUIS1]|thread_id[SERVER]|OpcUaSubscription::dataChange ClientHandle=5: quality is BAD.|status_code[0x809E0000(BadDataUnavailable)]|group_id[U:DEFAULTUNSO]|point_id[02727-PAL-08328]|point_addr[ns=4;s=|var|CODESYS Control Win V3 x64.Application.PLC_PRG._07233_PAL_08328]|value[[Empty] ]|message_id[012479]
2025-10-17T19:01:28.7500499Z|device_id[LUIS1]|thread_id[SERVER]|OpcUaSubscription::dataChange ClientHandle=4: quality is BAD.|status_code[0x809E0000(BadDataUnavailable)]|group_id[U:DEFAULTUNSO]|point_id[02727-PAH-08325]|point_addr[ns=4;s=|var|CODESYS Control Win V3 x64.Application.PLC_PRG._07233_PAH_08325]|value[[Empty] ]|message_id[012479]
2025-10-17T19:01:28.7500499Z|device_id[LUIS1]|thread_id[SERVER]|OpcUaSubscription::dataChange ClientHandle=6: quality is BAD.|status_code[0x809E0000(BadDataUnavailable)]|group_id[U:DEFAULTUNSO]|point_id[02727-PAL-08332]|point_addr[ns=4;s=|var|CODESYS Control Win V3 x64.Application.PLC_PRG._07233_PAL_08332]|value[[Empty] ]|message_id[012479]
2025-10-17T19:01:28.7500499Z|device_id[LUIS1]|thread_id[SERVER]|OpcUaSubscription::dataChange ClientHandle=8: quality is BAD.|status_code[0x809E0000(BadDataUnavailable)]|group_id[U:DEFAULTUNSO]|point_id[02727-PDAH-08361]|point_addr[ns=4;s=|var|CODESYS Control Win V3 x64.Application.PLC_PRG._07238_PDAH_08361]|value[[Empty] ]|message_id[012479]
2025-10-17T19:01:28.7500499Z|device_id[LUIS1]|thread_id[SERVER]|OpcUaSubscription::dataChange ClientHandle=15: quality is BAD.|status_code[0x809E0000(BadDataUnavailable)]|group_id[U:DEFAULTUNSO]|point_id[02727-MI-08355]|point_addr[ns=4;s=|var|CODESYS Control Win V3 x64.Application.PLC_PRG._07238_MI_08355]|value[[Empty] ]|message_id[012479]
2025-10-17T19:01:28.7500499Z|device_id[LUIS1]|thread_id[SERVER]|OpcUaSubscription::dataChange ClientHandle=3: quality is BAD.|status_code[0x809E0000(BadDataUnavailable)]|group_id[U:DEFAULTUNSO]|point_id[02727-PAL-08325]|point_addr[ns=4;s=|var|CODESYS Control Win V3 x64.Application.PLC_PRG._07233_PAL_08325]|value[[Empty] ]|message_id[012479]
2025-10-17T19:01:28.7500499Z|device_id[LUIS1]|thread_id[SERVER]|OpcUaSubscription::dataChange ClientHandle=2: quality is BAD.|status_code[0x809E0000(BadDataUnavailable)]|group_id[U:DEFAULTUNSO]|point_id[02727-PDAH-08363]|point_addr[ns=4;s=|var|CODESYS Control Win V3 x64.Application.PLC_PRG._07238_PDAH_08363]|value[[Empty] ]|message_id[012479]
2025-10-17T19:01:28.7500499Z|device_id[LUIS1]|thread_id[SERVER]|OpcUaSubscription::dataChange ClientHandle=1: quality is BAD.|status_code[0x809E0000(BadDataUnavailable)]|group_id[U:DEFAULTUNSO]|point_id[07233-PAL-08336]|point_addr[ns=4;s=|var|CODESYS Control Win V3 x64.Application.PLC_PRG._07233_PAL_08336]|value[[Empty] ]|message_id[012479]
2025-10-17T19:01:28.7500499Z|device_id[LUIS1]|thread_id[TOOLKIT]|Point update was de-queued with BAD Quality. CIMPLICITY is marking the point Unavailable.|status_code[0x809E0000(BadDataUnavailable)]|point_id[02727-PI-08332]|point_addr[ns=4;s=|var|CODESYS Control Win V3 x64.Application.PLC_PRG._07233_PI_08332]|message_id[026]
2025-10-17T19:01:28.7500499Z|device_id[LUIS1]|thread_id[TOOLKIT]|Attempt to mark the point as unavailable failed, return code is 0|status_code[0x809E0000(BadDataUnavailable)]|point_id[02727-PI-08332]|point_addr[ns=4;s=|var|CODESYS Control Win V3 x64.Application.PLC_PRG._07233_PI_08332]|message_id[026]
2025-10-17T19:01:28.7500499Z|device_id[LUIS1]|thread_id[TOOLKIT]|Point update was de-queued with BAD Quality. CIMPLICITY is marking the point Unavailable.|status_code[0x809E0000(BadDataUnavailable)]|point_id[02727-PI-08336]|point_addr[ns=4;s=|var|CODESYS Control Win V3 x64.Application.PLC_PRG._07233_PI_08336]|message_id[026]
2025-10-17T19:01:28.7500499Z|device_id[LUIS1]|thread_id[TOOLKIT]|Attempt to mark the point as unavailable failed, return code is 0|status_code[0x809E0000(BadDataUnavailable)]|point_id[02727-PI-08336]|point_addr[ns=4;s=|var|CODESYS Control Win V3 x64.Application.PLC_PRG._07233_PI_08336]|message_id[026]
2025-10-17T19:01:28.7500499Z|device_id[LUIS1]|thread_id[TOOLKIT]|Point update was de-queued with BAD Quality. CIMPLICITY is marking the point Unavailable.|status_code[0x809E0000(BadDataUnavailable)]|point_id[07233-PAH-08323]|point_addr[ns=4;s=|var|CODESYS Control Win V3 x64.Application.PLC_PRG._07238_PAH_08323]|message_id[026]
2025-10-17T19:01:28.7500499Z|device_id[LUIS1]|thread_id[TOOLKIT]|Attempt to mark the point as unavailable failed, return code is 0|status_code[0x809E0000(BadDataUnavailable)]|point_id[07233-PAH-08323]|point_addr[ns=4;s=|var|CODESYS Control Win V3 x64.Application.PLC_PRG._07238_PAH_08323]|message_id[026]
2025-10-17T19:01:28.7500499Z|device_id[LUIS1]|thread_id[TOOLKIT]|Point update was de-queued with BAD Quality. CIMPLICITY is marking the point Unavailable.|status_code[0x809E0000(BadDataUnavailable)]|point_id[07233-PAL-08323]|point_addr[ns=4;s=|var|CODESYS Control Win V3 x64.Application.PLC_PRG._07238_PAL_08323]|message_id[026]
2025-10-17T19:01:28.7500499Z|device_id[LUIS1]|thread_id[TOOLKIT]|Attempt to mark the point as unavailable failed, return code is 0|status_code[0x809E0000(BadDataUnavailable)]|point_id[07233-PAL-08323]|point_addr[ns=4;s=|var|CODESYS Control Win V3 x64.Application.PLC_PRG._07238_PAL_08323]|message_id[026]
2025-10-17T19:01:28.7500499Z|device_id[LUIS1]|thread_id[TOOLKIT]|Point update was de-queued with BAD Quality. CIMPLICITY is marking the point Unavailable.|status_code[0x809E0000(BadDataUnavailable)]|point_id[02727-MI-08345]|point_addr[ns=4;s=|var|CODESYS Control Win V3 x64.Application.PLC_PRG._07238_MI_08345]|message_id[026]
2025-10-17T19:01:28.7500499Z|device_id[LUIS1]|thread_id[TOOLKIT]|Attempt to mark the point as unavailable failed, return code is 0|status_code[0x809E0000(BadDataUnavailable)]|point_id[02727-MI-08345]|point_addr[ns=4;s=|var|CODESYS Control Win V3 x64.Application.PLC_PRG._07238_MI_08345]|message_id[026]
2025-10-17T19:01:28.7510466Z|device_id[LUIS1]|thread_id[TOOLKIT]|Point update was de-queued with BAD Quality. CIMPLICITY is marking the point Unavailable.|status_code[0x809E0000(BadDataUnavailable)]|point_id[07233-PI-08321]|point_addr[ns=4;s=|var|CODESYS Control Win V3 x64.Application.PLC_PRG._07238_PI_08321]|message_id[026]
2025-10-17T19:01:28.7510466Z|device_id[LUIS1]|thread_id[TOOLKIT]|Attempt to mark the point as unavailable failed, return code is 0|status_code[0x809E0000(BadDataUnavailable)]|point_id[07233-PI-08321]|point_addr[ns=4;s=|var|CODESYS Control Win V3 x64.Application.PLC_PRG._07238_PI_08321]|message_id[026]
2025-10-17T19:01:28.7510466Z|device_id[LUIS1]|thread_id[TOOLKIT]|Point update was de-queued with BAD Quality. CIMPLICITY is marking the point Unavailable.|status_code[0x809E0000(BadDataUnavailable)]|point_id[07233-PI-08323]|point_addr[ns=4;s=|var|CODESYS Control Win V3 x64.Application.PLC_PRG._07238_PI_08323]|message_id[026]
2025-10-17T19:01:28.7510466Z|device_id[LUIS1]|thread_id[TOOLKIT]|Attempt to mark the point as unavailable failed, return code is 0|status_code[0x809E0000(BadDataUnavailable)]|point_id[07233-PI-08323]|point_addr[ns=4;s=|var|CODESYS Control Win V3 x64.Application.PLC_PRG._07238_PI_08323]|message_id[026]
2025-10-17T19:01:28.7510466Z|device_id[LUIS1]|thread_id[TOOLKIT]|Point update was de-queued with BAD Quality. CIMPLICITY is marking the point Unavailable.|status_code[0x809E0000(BadDataUnavailable)]|point_id[02727-PI-08328]|point_addr[ns=4;s=|var|CODESYS Control Win V3 x64.Application.PLC_PRG._07233_PI_08328]|message_id[026]
2025-10-17T19:01:28.7510466Z|device_id[LUIS1]|thread_id[TOOLKIT]|Attempt to mark the point as unavailable failed, return code is 0|status_code[0x809E0000(BadDataUnavailable)]|point_id[02727-PI-08328]|point_addr[ns=4;s=|var|CODESYS Control Win V3 x64.Application.PLC_PRG._07233_PI_08328]|message_id[026]
2025-10-17T19:01:28.7510466Z|device_id[LUIS1]|thread_id[TOOLKIT]|Point update was de-queued with BAD Quality. CIMPLICITY is marking the point Unavailable.|status_code[0x809E0000(BadDataUnavailable)]|point_id[07233-HS-08301]|point_addr[ns=4;s=|var|CODESYS Control Win V3 x64.Application.PLC_PRG._07238_HS_08301]|message_id[026]
2025-10-17T19:01:28.7510466Z|device_id[LUIS1]|thread_id[TOOLKIT]|Attempt to mark the point as unavailable failed, return code is 0|status_code[0x809E0000(BadDataUnavailable)]|point_id[07233-HS-08301]|point_addr[ns=4;s=|var|CODESYS Control Win V3 x64.Application.PLC_PRG._07238_HS_08301]|message_id[026]
2025-10-17T19:01:28.7510466Z|device_id[LUIS1]|thread_id[TOOLKIT]|Point update was de-queued with BAD Quality. CIMPLICITY is marking the point Unavailable.|status_code[0x809E0000(BadDataUnavailable)]|point_id[07233-PAL-08301]|point_addr[ns=4;s=|var|CODESYS Control Win V3 x64.Application.PLC_PRG._07238_PAL_08301]|message_id[026]
2025-10-17T19:01:28.7510466Z|device_id[LUIS1]|thread_id[TOOLKIT]|Attempt to mark the point as unavailable failed, return code is 0|status_code[0x809E0000(BadDataUnavailable)]|point_id[07233-PAL-08301]|point_addr[ns=4;s=|var|CODESYS Control Win V3 x64.Application.PLC_PRG._07238_PAL_08301]|message_id[026]
2025-10-17T19:01:28.7510466Z|device_id[LUIS1]|thread_id[TOOLKIT]|Point update was de-queued with BAD Quality. CIMPLICITY is marking the point Unavailable.|status_code[0x809E0000(BadDataUnavailable)]|point_id[07233-PAL-08321]|point_addr[ns=4;s=|var|CODESYS Control Win V3 x64.Application.PLC_PRG._07238_PAL_08321]|message_id[026]
2025-10-17T19:01:28.7510466Z|device_id[LUIS1]|thread_id[TOOLKIT]|Attempt to mark the point as unavailable failed, return code is 0|status_code[0x809E0000(BadDataUnavailable)]|point_id[07233-PAL-08321]|point_addr[ns=4;s=|var|CODESYS Control Win V3 x64.Application.PLC_PRG._07238_PAL_08321]|message_id[026]
2025-10-17T19:01:28.7521177Z|device_id[LUIS1]|thread_id[TOOLKIT]|Point update was de-queued with BAD Quality. CIMPLICITY is marking the point Unavailable.|status_code[0x809E0000(BadDataUnavailable)]|point_id[07233-PAH-08321]|point_addr[ns=4;s=|var|CODESYS Control Win V3 x64.Application.PLC_PRG._07238_PAH_08321]|message_id[026]
2025-10-17T19:01:28.7521177Z|device_id[LUIS1]|thread_id[TOOLKIT]|Attempt to mark the point as unavailable failed, return code is 0|status_code[0x809E0000(BadDataUnavailable)]|point_id[07233-PAH-08321]|point_addr[ns=4;s=|var|CODESYS Control Win V3 x64.Application.PLC_PRG._07238_PAH_08321]|message_id[026]
2025-10-17T19:01:28.7521177Z|device_id[LUIS1]|thread_id[TOOLKIT]|Point update was de-queued with BAD Quality. CIMPLICITY is marking the point Unavailable.|status_code[0x809E0000(BadDataUnavailable)]|point_id[02727-PI-08325]|point_addr[ns=4;s=|var|CODESYS Control Win V3 x64.Application.PLC_PRG._07233_PI_08325]|message_id[026]
2025-10-17T19:01:28.7521177Z|device_id[LUIS1]|thread_id[TOOLKIT]|Attempt to mark the point as unavailable failed, return code is 0|status_code[0x809E0000(BadDataUnavailable)]|point_id[02727-PI-08325]|point_addr[ns=4;s=|var|CODESYS Control Win V3 x64.Application.PLC_PRG._07233_PI_08325]|message_id[026]
2025-10-17T19:01:28.7521177Z|device_id[LUIS1]|thread_id[TOOLKIT]|Point update was de-queued with BAD Quality. CIMPLICITY is marking the point Unavailable.|status_code[0x809E0000(BadDataUnavailable)]|point_id[02727-PAL-08328]|point_addr[ns=4;s=|var|CODESYS Control Win V3 x64.Application.PLC_PRG._07233_PAL_08328]|message_id[026]
2025-10-17T19:01:28.7521177Z|device_id[LUIS1]|thread_id[TOOLKIT]|Attempt to mark the point as unavailable failed, return code is 0|status_code[0x809E0000(BadDataUnavailable)]|point_id[02727-PAL-08328]|point_addr[ns=4;s=|var|CODESYS Control Win V3 x64.Application.PLC_PRG._07233_PAL_08328]|message_id[026]
2025-10-17T19:01:28.7521177Z|device_id[LUIS1]|thread_id[TOOLKIT]|Point update was de-queued with BAD Quality. CIMPLICITY is marking the point Unavailable.|status_code[0x809E0000(BadDataUnavailable)]|point_id[02727-PAH-08325]|point_addr[ns=4;s=|var|CODESYS Control Win V3 x64.Application.PLC_PRG._07233_PAH_08325]|message_id[026]
2025-10-17T19:01:28.7521177Z|device_id[LUIS1]|thread_id[TOOLKIT]|Attempt to mark the point as unavailable failed, return code is 0|status_code[0x809E0000(BadDataUnavailable)]|point_id[02727-PAH-08325]|point_addr[ns=4;s=|var|CODESYS Control Win V3 x64.Application.PLC_PRG._07233_PAH_08325]|message_id[026]
2025-10-17T19:01:28.7521177Z|device_id[LUIS1]|thread_id[TOOLKIT]|Point update was de-queued with BAD Quality. CIMPLICITY is marking the point Unavailable.|status_code[0x809E0000(BadDataUnavailable)]|point_id[02727-PAL-08332]|point_addr[ns=4;s=|var|CODESYS Control Win V3 x64.Application.PLC_PRG._07233_PAL_08332]|message_id[026]
2025-10-17T19:01:28.7521177Z|device_id[LUIS1]|thread_id[TOOLKIT]|Attempt to mark the point as unavailable failed, return code is 0|status_code[0x809E0000(BadDataUnavailable)]|point_id[02727-PAL-08332]|point_addr[ns=4;s=|var|CODESYS Control Win V3 x64.Application.PLC_PRG._07233_PAL_08332]|message_id[026]
2025-10-17T19:01:28.7521177Z|device_id[LUIS1]|thread_id[TOOLKIT]|Point update was de-queued with BAD Quality. CIMPLICITY is marking the point Unavailable.|status_code[0x809E0000(BadDataUnavailable)]|point_id[02727-PDAH-08361]|point_addr[ns=4;s=|var|CODESYS Control Win V3 x64.Application.PLC_PRG._07238_PDAH_08361]|message_id[026]
2025-10-17T19:01:28.7521177Z|device_id[LUIS1]|thread_id[TOOLKIT]|Attempt to mark the point as unavailable failed, return code is 0|status_code[0x809E0000(BadDataUnavailable)]|point_id[02727-PDAH-08361]|point_addr[ns=4;s=|var|CODESYS Control Win V3 x64.Application.PLC_PRG._07238_PDAH_08361]|message_id[026]
2025-10-17T19:01:28.7521177Z|device_id[LUIS1]|thread_id[TOOLKIT]|Point update was de-queued with BAD Quality. CIMPLICITY is marking the point Unavailable.|status_code[0x809E0000(BadDataUnavailable)]|point_id[02727-MI-08355]|point_addr[ns=4;s=|var|CODESYS Control Win V3 x64.Application.PLC_PRG._07238_MI_08355]|message_id[026]
2025-10-17T19:01:28.7521177Z|device_id[LUIS1]|thread_id[TOOLKIT]|Attempt to mark the point as unavailable failed, return code is 0|status_code[0x809E0000(BadDataUnavailable)]|point_id[02727-MI-08355]|point_addr[ns=4;s=|var|CODESYS Control Win V3 x64.Application.PLC_PRG._07238_MI_08355]|message_id[026]
2025-10-17T19:01:28.7521177Z|device_id[LUIS1]|thread_id[TOOLKIT]|Point update was de-queued with BAD Quality. CIMPLICITY is marking the point Unavailable.|status_code[0x809E0000(BadDataUnavailable)]|point_id[02727-PAL-08325]|point_addr[ns=4;s=|var|CODESYS Control Win V3 x64.Application.PLC_PRG._07233_PAL_08325]|message_id[026]
2025-10-17T19:01:28.7521177Z|device_id[LUIS1]|thread_id[TOOLKIT]|Attempt to mark the point as unavailable failed, return code is 0|status_code[0x809E0000(BadDataUnavailable)]|point_id[02727-PAL-08325]|point_addr[ns=4;s=|var|CODESYS Control Win V3 x64.Application.PLC_PRG._07233_PAL_08325]|message_id[026]
2025-10-17T19:01:28.7521177Z|device_id[LUIS1]|thread_id[TOOLKIT]|Point update was de-queued with BAD Quality. CIMPLICITY is marking the point Unavailable.|status_code[0x809E0000(BadDataUnavailable)]|point_id[02727-PDAH-08363]|point_addr[ns=4;s=|var|CODESYS Control Win V3 x64.Application.PLC_PRG._07238_PDAH_08363]|message_id[026]
2025-10-17T19:01:28.7521177Z|device_id[LUIS1]|thread_id[TOOLKIT]|Attempt to mark the point as unavailable failed, return code is 0|status_code[0x809E0000(BadDataUnavailable)]|point_id[02727-PDAH-08363]|point_addr[ns=4;s=|var|CODESYS Control Win V3 x64.Application.PLC_PRG._07238_PDAH_08363]|message_id[026]
2025-10-17T19:01:28.7521177Z|device_id[LUIS1]|thread_id[TOOLKIT]|Point update was de-queued with BAD Quality. CIMPLICITY is marking the point Unavailable.|status_code[0x809E0000(BadDataUnavailable)]|point_id[07233-PAL-08336]|point_addr[ns=4;s=|var|CODESYS Control Win V3 x64.Application.PLC_PRG._07233_PAL_08336]|message_id[026]
2025-10-17T19:01:28.7521177Z|device_id[LUIS1]|thread_id[TOOLKIT]|Attempt to mark the point as unavailable failed, return code is 0|status_code[0x809E0000(BadDataUnavailable)]|point_id[07233-PAL-08336]|point_addr[ns=4;s=|var|CODESYS Control Win V3 x64.Application.PLC_PRG._07233_PAL_08336]|message_id[026]
2025-10-17T19:10:09.3348323Z|device_id[LUIS1]|thread_id[SERVER]|connectionStatusChanged Session=0, url = opc.tcp://192.168.0.100:4840, Master=0 Status=ConnectionErrorApiReconnect|status_code[0x00000000(Good)]|message_id[04096]
2025-10-17T19:10:09.3514538Z|device_id[LUIS1]|thread_id[SERVER]|delayedConnectionStatusChanged Session=0, url = opc.tcp://192.168.0.100:4840, Master=0, Status=ConnectionErrorApiReconnect, isNewSession(0)|status_code[0x00000000(Good)]|message_id[04096]
2025-10-17T19:10:09.3514538Z|device_id[LUIS1]|thread_id[SERVER]|RedundantSet::delayedConnectionStatusChanged STATUS BAD Session=0 Master=0 Status=3|status_code[0x00000000(Good)]|message_id[04096]
2025-10-17T19:10:09.3514538Z|device_id[LUIS1]|thread_id[SERVER]|RedundantSet::assignMaster() testing session url = opc.tcp://192.168.0.100:4840 serviceLevel = 0, connected = 0, serverSatus = ConnectionErrorApiReconnect, maxServiceLevel = 0|status_code[0x00000000(Good)]|message_id[04096]
2025-10-17T19:10:09.3514538Z|device_id[LUIS1]|thread_id[SERVER]|DeviceOpcUaSession::Connection Status Changed to [3 - ConnectionErrorApiReconnect] on device [LUIS1]. UaStatus = [0x80000000 - Bad]|status_code[0x80000000(Bad)]|message_id[04691]
2025-10-17T19:10:09.3524701Z|device_id[LUIS1]|thread_id[TOOLKIT]|The device is disconnected and marked as DOWN, status = [1]|status_code[0x00000000(Good)]|message_id[05197]
2025-10-17T19:10:09.3908158Z|device_id[LUIS1]|thread_id[SERVER]|Device connection status is changed to ActivateSession, 0x800b0000[BadServiceUnsupported], server side|status_code[0x800B0000(BadServiceUnsupported)]|message_id[05086]
2025-10-17T19:10:09.4142777Z|device_id[LUIS1]|thread_id[SERVER]|Device connection status is changed to ActivateSession, 0x800b0000[BadServiceUnsupported], server side|status_code[0x800B0000(BadServiceUnsupported)]|message_id[05086]
2025-10-17T19:10:09.4408731Z|device_id[LUIS1]|thread_id[SERVER]|Device connection status is changed to CreateSession, 0x80af0000[BadInvalidState], server side|status_code[0x80AF0000(BadInvalidState)]|message_id[05086]
2025-10-17T19:10:09.4728257Z|device_id[LUIS1]|thread_id[SERVER]|Device connection status is changed to CreateSession, 0x80af0000[BadInvalidState], server side|status_code[0x80AF0000(BadInvalidState)]|message_id[05086]
2025-10-17T19:10:14.7317435Z|device_id[LUIS1]|thread_id[SERVER]|Device connection status is changed to CreateSession, 0x800b0000[BadServiceUnsupported], server side|status_code[0x800B0000(BadServiceUnsupported)]|message_id[05086]
2025-10-17T19:10:14.7541002Z|device_id[LUIS1]|thread_id[SERVER]|Device connection status is changed to CreateSession, 0x800b0000[BadServiceUnsupported], server side|status_code[0x800B0000(BadServiceUnsupported)]|message_id[05086]
2025-10-17T19:10:19.9747703Z|device_id[LUIS1]|thread_id[SERVER]|Device connection status is changed to CreateSession, 0x800b0000[BadServiceUnsupported], server side|status_code[0x800B0000(BadServiceUnsupported)]|message_id[05086]
2025-10-17T19:10:20.0015055Z|device_id[LUIS1]|thread_id[SERVER]|Device connection status is changed to CreateSession, 0x800b0000[BadServiceUnsupported], server side|status_code[0x800B0000(BadServiceUnsupported)]|message_id[05086]
2025-10-17T19:10:25.2471854Z|device_id[LUIS1]|thread_id[SERVER]|Device connection status is changed to CreateSession, 0x800b0000[BadServiceUnsupported], server side|status_code[0x800B0000(BadServiceUnsupported)]|message_id[05086]
2025-10-17T19:10:25.2710324Z|device_id[LUIS1]|thread_id[SERVER]|Device connection status is changed to CreateSession, 0x800b0000[BadServiceUnsupported], server side|status_code[0x800B0000(BadServiceUnsupported)]|message_id[05086]
2025-10-17T19:10:30.6368687Z|device_id[LUIS1]|thread_id[SERVER]|RedundantSession::ServiceLevelSubscriptionStatusChange OpcUa_BadSubscriptionIdInvalid recieved from session Url opc.tcp://192.168.0.100:4840|status_code[0x00000000(Good)]|message_id[04096]
2025-10-17T19:10:30.6368687Z|device_id[LUIS1]|thread_id[SERVER]|Disconnecting Subscription [U:DEFAULTUNSO] (id = 2)...|status_code[0x00000000(Good)]|group_id[U:DEFAULTUNSO]|message_id[012359]
2025-10-17T19:10:30.6396249Z|device_id[LUIS1]|thread_id[SERVER]|Subscription [U:DEFAULTUNSO] has been disconnected|status_code[0x00000000(Good)]|group_id[U:DEFAULTUNSO]|message_id[012403]
2025-10-17T19:10:30.6416815Z|device_id[LUIS1]|thread_id[CONNECTION]|Subscription  [U:DEFAULTUNSO] successfully created on UA Server, Id = 24, revised values: publishing interval 1000.000000, lifetime count 180, max. keep alive count 60|status_code[0x00000000(Good)]|group_id[U:DEFAULTUNSO]|message_id[012358]
2025-10-17T19:10:30.6425578Z|device_id[LUIS1]|thread_id[CONNECTION]|Adding all [21] items in subscription to OPC UA Server...|status_code[0x00000000(Good)]|group_id[U:DEFAULTUNSO]|message_id[012307]
2025-10-17T19:10:30.6441130Z|device_id[LUIS1]|thread_id[SERVER]|RedundantSession::readServiceLevel: read ServiceLevel 255 on endpoint [opc.tcp://192.168.0.100:4840]|status_code[0x00000000(Good)]|message_id[04096]
2025-10-17T19:10:30.6507928Z|device_id[LUIS1]|thread_id[TOOLKIT]|Added 21 out of 21 points|status_code[0x00000000(Good)]|group_id[U:DEFAULTUNSO]
2025-10-17T19:10:30.6518564Z|device_id[LUIS1]|thread_id[SERVER]|OpcUaSubscription::subscriptionStatusChanged: status changed to [BadSubscriptionIdInvalid] for subscription [U:DEFAULTUNSO]|status_code[0x00000000(Good)]|group_id[U:DEFAULTUNSO]|message_id[012468]
2025-10-17T19:10:30.6580306Z|device_id[LUIS1]|thread_id[SERVER]|connectionStatusChanged Session=0, url = opc.tcp://192.168.0.100:4840, Master=0 Status=NewSessionCreated|status_code[0x00000000(Good)]|message_id[04096]
2025-10-17T19:10:30.6614751Z|device_id[LUIS1]|thread_id[SERVER]|connectionStatusChanged Session=0, url = opc.tcp://192.168.0.100:4840, Master=0 Status=Connected|status_code[0x00000000(Good)]|message_id[04096]
2025-10-17T19:10:30.6747069Z|device_id[LUIS1]|thread_id[SERVER]|delayedConnectionStatusChanged Session=0, url = opc.tcp://192.168.0.100:4840, Master=0, Status=Connected, isNewSession(1)|status_code[0x00000000(Good)]|message_id[04096]
2025-10-17T19:10:30.6784615Z|device_id[LUIS1]|thread_id[SERVER]|RedundantSet::changeSessionState: SESSION opc.tcp://192.168.0.100:4840 CHANGE STATE IsMaster(1) Mode(0) NewSession(1)|status_code[0x00000000(Good)]|message_id[04096]
2025-10-17T19:10:30.6784615Z|device_id[LUIS1]|thread_id[SERVER]|RedundantSet::changeSessionState: New session opc.tcp://192.168.0.100:4840 CREATING SUBSCRIPTION IsMaster(1) Mode(0)|status_code[0x00000000(Good)]|message_id[04096]
2025-10-17T19:10:30.6814089Z|device_id[LUIS1]|thread_id[SERVER]|RedundantSet::changeSessionState: New session opc.tcp://192.168.0.100:4840 ensureMonitoredItemsSubscribed IsMaster(1) Mode(0)|status_code[0x00000000(Good)]|message_id[04096]
2025-10-17T19:10:30.6837472Z|device_id[LUIS1]|thread_id[CONNECTION]|Session [LUIS1]: UA Server returned NamespaceArray with 8 elements|status_code[0x00000000(Good)]
2025-10-17T19:10:30.6837472Z|device_id[LUIS1]|thread_id[CONNECTION]|Entry [7]: NamespaceURI: [http://codesys.com/Device/Application/OPC_UA_Symbols]|status_code[0x00000000(Good)]
2025-10-17T19:10:30.6837472Z|device_id[LUIS1]|thread_id[CONNECTION]|Entry [6]: NamespaceURI: [urn:symbolset:Device:Application:Conjunto de símbolo]|status_code[0x00000000(Good)]
2025-10-17T19:10:30.6837472Z|device_id[LUIS1]|thread_id[CONNECTION]|Entry [5]: NamespaceURI: [urn:symbolset:Device:Application:Conjunto de símbolos]|status_code[0x00000000(Good)]
2025-10-17T19:10:30.6837472Z|device_id[LUIS1]|thread_id[CONNECTION]|Entry [4]: NamespaceURI: [CODESYSSPV3/3S/IecVarAccess]|status_code[0x00000000(Good)]
2025-10-17T19:10:30.6837472Z|device_id[LUIS1]|thread_id[CONNECTION]|Entry [3]: NamespaceURI: [http://PLCopen.org/OpcUa/IEC61131-3/]|status_code[0x00000000(Good)]
2025-10-17T19:10:30.6837472Z|device_id[LUIS1]|thread_id[CONNECTION]|Entry [2]: NamespaceURI: [http://opcfoundation.org/UA/DI/]|status_code[0x00000000(Good)]
2025-10-17T19:10:30.6837472Z|device_id[LUIS1]|thread_id[CONNECTION]|Entry [1]: NamespaceURI: [urn:MSI:CODESYS:CODESYS%20Control%20Win%20V3%20x64:OPCUA:Server]|status_code[0x00000000(Good)]
2025-10-17T19:10:30.6837472Z|device_id[LUIS1]|thread_id[CONNECTION]|Entry [0]: NamespaceURI: [http://opcfoundation.org/UA/]|status_code[0x00000000(Good)]
2025-10-17T19:10:30.6837472Z|device_id[LUIS1]|thread_id[CONNECTION]|Session [LUIS1]: namespace array used for this session has [1] entries|status_code[0x00000000(Good)]
2025-10-17T19:10:30.6837472Z|device_id[LUIS1]|thread_id[CONNECTION]|Session [LUIS1]: namespace array entry: URI = [CODESYSSPV3/3S/IecVarAccess], internal index = [4] mapped to index on server = [4]|status_code[0x00000000(Good)]
2025-10-17T19:10:30.6837472Z|device_id[LUIS1]|thread_id[SERVER]|RedundantSet::ensureMonitoredItemsSubscribed session url(opc.tcp://192.168.0.100:4840) isMaster(1) redundancySupport(0)|status_code[0x00000000(Good)]|message_id[04096]
2025-10-17T19:10:30.6890568Z|device_id[LUIS1]|thread_id[SERVER]|RedundantSet::delayedConnectionStatusChanged STATUS GOOD Session=0 Master=0 Status=Connected|status_code[0x00000000(Good)]|message_id[04096]
2025-10-17T19:10:30.6890568Z|device_id[LUIS1]|thread_id[SERVER]|Device connection status is changed to |status_code[0x00000000(Good)]|message_id[05086]
2025-10-17T19:10:30.6890568Z|device_id[LUIS1]|thread_id[SERVER]|DeviceOpcUaSession::Connection Status Changed to [1 - Connected] on device [LUIS1]. UaStatus = [0x0 - Good]|status_code[0x00000000(Good)]|message_id[04691]
2025-10-17T19:10:30.6890568Z|device_id[LUIS1]|thread_id[TOOLKIT]|ResetSubScriptionFailureCounts for device[LUIS1] |status_code[0x00000000(Good)]|message_id[07907]
2025-10-17T19:10:30.6911582Z|device_id[LUIS1]|thread_id[CONNECTION]|Session [LUIS1]: UA Server returned NamespaceArray with 8 elements|status_code[0x00000000(Good)]
2025-10-17T19:10:30.6911582Z|device_id[LUIS1]|thread_id[CONNECTION]|Entry [7]: NamespaceURI: [http://codesys.com/Device/Application/OPC_UA_Symbols]|status_code[0x00000000(Good)]
2025-10-17T19:10:30.6911582Z|device_id[LUIS1]|thread_id[CONNECTION]|Entry [6]: NamespaceURI: [urn:symbolset:Device:Application:Conjunto de símbolo]|status_code[0x00000000(Good)]
2025-10-17T19:10:30.6911582Z|device_id[LUIS1]|thread_id[CONNECTION]|Entry [5]: NamespaceURI: [urn:symbolset:Device:Application:Conjunto de símbolos]|status_code[0x00000000(Good)]
2025-10-17T19:10:30.6911582Z|device_id[LUIS1]|thread_id[CONNECTION]|Entry [4]: NamespaceURI: [CODESYSSPV3/3S/IecVarAccess]|status_code[0x00000000(Good)]
2025-10-17T19:10:30.6911582Z|device_id[LUIS1]|thread_id[CONNECTION]|Entry [3]: NamespaceURI: [http://PLCopen.org/OpcUa/IEC61131-3/]|status_code[0x00000000(Good)]
2025-10-17T19:10:30.6911582Z|device_id[LUIS1]|thread_id[CONNECTION]|Entry [2]: NamespaceURI: [http://opcfoundation.org/UA/DI/]|status_code[0x00000000(Good)]
2025-10-17T19:10:30.6911582Z|device_id[LUIS1]|thread_id[CONNECTION]|Entry [1]: NamespaceURI: [urn:MSI:CODESYS:CODESYS%20Control%20Win%20V3%20x64:OPCUA:Server]|status_code[0x00000000(Good)]
2025-10-17T19:10:30.6911582Z|device_id[LUIS1]|thread_id[CONNECTION]|Entry [0]: NamespaceURI: [http://opcfoundation.org/UA/]|status_code[0x00000000(Good)]
2025-10-17T19:10:30.6911582Z|device_id[LUIS1]|thread_id[CONNECTION]|Session [LUIS1]: namespace array used for this session has [1] entries|status_code[0x00000000(Good)]
2025-10-17T19:10:30.6911582Z|device_id[LUIS1]|thread_id[CONNECTION]|Session [LUIS1]: namespace array entry: URI = [CODESYSSPV3/3S/IecVarAccess], internal index = [4] mapped to index on server = [4]|status_code[0x00000000(Good)]
2025-10-17T19:10:30.6911582Z|device_id[LUIS1]|thread_id[SERVER]|Re-connected to OPC UA Server opc.tcp://192.168.0.100:4840 in mode = [None/http://opcfoundation.org/UA/SecurityPolicy#None/Anonymous]|status_code[0x00000000(Good)]|message_id[05276]
2025-10-17T19:10:30.6951537Z|device_id[LUIS1]|thread_id[SERVER]|Process of reconnecting to OPC UA Server is complete|status_code[0x00000000(Good)]|message_id[05276]
2025-10-17T19:10:30.7196824Z|device_id[LUIS1]|thread_id[TOOLKIT]|The device is connected and marked as UP, status = [1]|status_code[0x00000000(Good)]|message_id[05197]
2025-10-17T19:10:31.1813685Z|device_id[LUIS1]|thread_id[SDK_CALLBACK]|Update SERVICE LEVEL Session = 0, URL = opc.tcp://192.168.0.100:4840, ServiceLevel = 255|status_code[0x00000000(Good)]|message_id[04696]
2025-10-17T19:21:45.8094872Z|device_id[LUIS1]|thread_id[TOOLKIT]|Disconnecting from OPC UA Server [opc.tcp://192.168.0.100:4840]|status_code[0x00000000(Good)]|message_id[04166]
2025-10-17T19:21:45.8094872Z|device_id[LUIS1]|thread_id[SERVER]|RedundantSession::disconnect: Disconnecting endpoint [opc.tcp://192.168.0.100:4840]|status_code[0x00000000(Good)]|message_id[04096]
2025-10-17T19:21:46.9156490Z|device_id[LUIS1]|thread_id[SERVER]|connectionStatusChanged Session=0, url = opc.tcp://192.168.0.100:4840, Master=0 Status=Disconnected|status_code[0x00000000(Good)]|message_id[04096]
2025-10-17T19:21:46.9171542Z|device_id[LUIS1]|thread_id[TOOLKIT]|Device has been deleted|status_code[0x00000000(Good)]|message_id[04136]
